<?xml version="1.0" encoding="UTF-8"?>
<!-- Generated by org.testng.reporters.JUnitReportReporter -->
<testsuite hostname="WKWIN5154091" failures="0" tests="2" name="com.ecom.qa.testcases.ShoppingCartPageTest" time="97.162" errors="0" timestamp="16 Aug 2019 17:03:04 GMT" skipped="0">
  <testcase classname="com.ecom.qa.testcases.ShoppingCartPageTest" name="isShippingCostGenerated" time="49.871"/>
  <testcase classname="com.ecom.qa.testcases.ShoppingCartPageTest" name="validateGrandTotal" time="47.291"/>
</testsuite> <!-- com.ecom.qa.testcases.ShoppingCartPageTest -->
