<?xml version="1.0" encoding="UTF-8"?>
<!-- Generated by org.testng.reporters.JUnitReportReporter -->
<testsuite hostname="WKWIN5154091" failures="0" tests="4" name="com.ecom.qa.testcases.MobileHomePageTest" time="65.676" errors="0" timestamp="26 Feb 2020 06:28:10 GMT" skipped="0">
  <testcase classname="com.ecom.qa.testcases.MobileHomePageTest" name="mobilePageTitleTest" time="10.900"/>
  <testcase classname="com.ecom.qa.testcases.MobileHomePageTest" name="validateMobileNameSortTest" time="12.622"/>
  <testcase classname="com.ecom.qa.testcases.MobileHomePageTest" name="phonePriceTest" time="18.533"/>
  <testcase classname="com.ecom.qa.testcases.MobileHomePageTest" name="checkMaxItemsCartTest" time="23.621"/>
</testsuite> <!-- com.ecom.qa.testcases.MobileHomePageTest -->
