<?xml version="1.0" encoding="UTF-8"?>
<!-- Generated by org.testng.reporters.JUnitReportReporter -->
<testsuite hostname="WKWIN5154091" failures="0" tests="4" name="com.ecom.qa.testcases.MobileHomePageTest" time="63.993" errors="0" timestamp="14 Aug 2019 17:26:15 GMT" skipped="0">
  <testcase classname="com.ecom.qa.testcases.MobileHomePageTest" name="mobilePageTitleTest" time="10.222"/>
  <testcase classname="com.ecom.qa.testcases.MobileHomePageTest" name="validateMobileNameSortTest" time="17.663"/>
  <testcase classname="com.ecom.qa.testcases.MobileHomePageTest" name="phonePriceTest" time="20.562"/>
  <testcase classname="com.ecom.qa.testcases.MobileHomePageTest" name="checkMaxItemsCartTest" time="15.546"/>
</testsuite> <!-- com.ecom.qa.testcases.MobileHomePageTest -->
