<?xml version="1.0" encoding="UTF-8"?>
<!-- Generated by org.testng.reporters.JUnitReportReporter -->
<testsuite hostname="WKWIN5154091" failures="0" tests="2" name="com.ecom.qa.testcases.CompareProductsPageTest" time="85.613" errors="0" timestamp="26 Feb 2020 06:28:10 GMT" skipped="1">
  <testcase classname="com.ecom.qa.testcases.CompareProductsPageTest" name="validatePopUpMessageTest" time="68.822">
    <skipped/>
  </testcase> <!-- validatePopUpMessageTest -->
  <testcase classname="com.ecom.qa.testcases.CompareProductsPageTest" name="validatePopUpMessageTest" time="16.791"/>
</testsuite> <!-- com.ecom.qa.testcases.CompareProductsPageTest -->
