<?xml version="1.0" encoding="UTF-8"?>
<!-- Generated by org.testng.reporters.JUnitReportReporter -->
<testsuite hostname="WKWIN5154091" failures="0" tests="1" name="com.ecom.qa.testcases.WishlistPageTest" time="22.811" errors="0" timestamp="28 Feb 2020 14:51:19 GMT" skipped="0">
  <testcase classname="com.ecom.qa.testcases.WishlistPageTest" name="wishlistSharedTest" time="22.811"/>
</testsuite> <!-- com.ecom.qa.testcases.WishlistPageTest -->
