<?xml version="1.0" encoding="UTF-8"?>
<!-- Generated by org.testng.reporters.JUnitReportReporter -->
<testsuite hostname="WKWIN5154091" failures="0" tests="2" name="com.ecom.qa.testcases.ShoppingCartPageTest" time="40.201" errors="0" timestamp="28 Feb 2020 14:51:19 GMT" skipped="0">
  <testcase classname="com.ecom.qa.testcases.ShoppingCartPageTest" name="isShippingCostGenerated" time="19.067"/>
  <testcase classname="com.ecom.qa.testcases.ShoppingCartPageTest" name="validateGrandTotal" time="21.134"/>
</testsuite> <!-- com.ecom.qa.testcases.ShoppingCartPageTest -->
