<?xml version="1.0" encoding="UTF-8"?>
<!-- Generated by org.testng.reporters.JUnitReportReporter -->
<testsuite hostname="WKWIN5154091" failures="0" tests="1" name="com.ecom.qa.testcases.ApplicationHomePageTest" time="12.993" errors="0" timestamp="14 Aug 2019 17:27:39 GMT" skipped="0">
  <testcase classname="com.ecom.qa.testcases.ApplicationHomePageTest" name="appHomePageTitleTest" time="12.993"/>
</testsuite> <!-- com.ecom.qa.testcases.ApplicationHomePageTest -->
