<?xml version="1.0" encoding="UTF-8"?>
<!-- Generated by org.testng.reporters.JUnitReportReporter -->
<testsuite hostname="WKWIN5154091" failures="0" tests="1" name="com.ecom.qa.testcases.CompareProductsPageTest" time="23.212" errors="0" timestamp="25 Feb 2020 16:44:43 GMT" skipped="0">
  <testcase classname="com.ecom.qa.testcases.CompareProductsPageTest" name="validatePopUpMessageTest" time="23.212"/>
</testsuite> <!-- com.ecom.qa.testcases.CompareProductsPageTest -->
