<?xml version="1.0" encoding="UTF-8"?>
<!-- Generated by org.testng.reporters.JUnitReportReporter -->
<testsuite hostname="WKWIN5154091" failures="0" tests="4" name="com.ecom.qa.testcases.MobileHomePageTest" time="53.824" errors="0" timestamp="28 Feb 2020 14:51:19 GMT" skipped="0">
  <testcase classname="com.ecom.qa.testcases.MobileHomePageTest" name="mobilePageTitleTest" time="10.346"/>
  <testcase classname="com.ecom.qa.testcases.MobileHomePageTest" name="validateMobileNameSortTest" time="13.192"/>
  <testcase classname="com.ecom.qa.testcases.MobileHomePageTest" name="phonePriceTest" time="13.559"/>
  <testcase classname="com.ecom.qa.testcases.MobileHomePageTest" name="checkMaxItemsCartTest" time="16.727"/>
</testsuite> <!-- com.ecom.qa.testcases.MobileHomePageTest -->
