<?xml version="1.0" encoding="UTF-8"?>
<!-- Generated by org.testng.reporters.JUnitReportReporter -->
<testsuite hostname="WKWIN5154091" failures="0" tests="1" name="com.ecom.qa.testcases.BillingInformationPageTest" time="30.432" errors="0" timestamp="16 Aug 2019 17:54:11 GMT" skipped="0">
  <testcase classname="com.ecom.qa.testcases.BillingInformationPageTest" name="isOrderNumberGenerated" time="30.432"/>
</testsuite> <!-- com.ecom.qa.testcases.BillingInformationPageTest -->
