<?xml version="1.0" encoding="UTF-8"?>
<!-- Generated by org.testng.reporters.JUnitReportReporter -->
<testsuite hostname="WKWIN5154091" failures="0" tests="4" name="com.ecom.qa.testcases.RegistrationDetailPageTest" time="63.345" errors="0" timestamp="28 Feb 2020 14:51:19 GMT" skipped="0">
  <testcase classname="com.ecom.qa.testcases.RegistrationDetailPageTest" name="userRegistrationTest" time="15.838"/>
  <testcase classname="com.ecom.qa.testcases.RegistrationDetailPageTest" name="userRegistrationTest" time="14.972"/>
  <testcase classname="com.ecom.qa.testcases.RegistrationDetailPageTest" name="userRegistrationTest" time="17.508"/>
  <testcase classname="com.ecom.qa.testcases.RegistrationDetailPageTest" name="userRegistrationTest" time="15.027"/>
</testsuite> <!-- com.ecom.qa.testcases.RegistrationDetailPageTest -->
