<?xml version="1.0" encoding="UTF-8"?>
<!-- Generated by org.testng.reporters.JUnitReportReporter -->
<testsuite hostname="WKWIN5154091" failures="0" tests="1" name="com.ecom.qa.testcases.ApplicationHomePageTest" time="9.248" errors="0" timestamp="26 Feb 2020 06:28:10 GMT" skipped="0">
  <testcase classname="com.ecom.qa.testcases.ApplicationHomePageTest" name="appHomePageTitleTest" time="9.248"/>
</testsuite> <!-- com.ecom.qa.testcases.ApplicationHomePageTest -->
