<?xml version="1.0" encoding="UTF-8"?>
<!-- Generated by org.testng.reporters.JUnitReportReporter -->
<testsuite hostname="WKWIN5154091" failures="0" tests="4" name="com.ecom.qa.testcases.MobileHomePageTest" time="58.839" errors="0" timestamp="14 Aug 2019 17:31:36 GMT" skipped="0">
  <testcase classname="com.ecom.qa.testcases.MobileHomePageTest" name="mobilePageTitleTest" time="16.812"/>
  <testcase classname="com.ecom.qa.testcases.MobileHomePageTest" name="validateMobileNameSortTest" time="10.492"/>
  <testcase classname="com.ecom.qa.testcases.MobileHomePageTest" name="phonePriceTest" time="15.141"/>
  <testcase classname="com.ecom.qa.testcases.MobileHomePageTest" name="checkMaxItemsCartTest" time="16.394"/>
</testsuite> <!-- com.ecom.qa.testcases.MobileHomePageTest -->
