<?xml version="1.0" encoding="UTF-8"?>
<!-- Generated by org.testng.reporters.JUnitReportReporter -->
<testsuite hostname="WKWIN5154091" failures="0" tests="1" name="com.ecom.qa.testcases.CompareProductsPageTest" time="16.163" errors="0" timestamp="14 Aug 2019 17:31:36 GMT" skipped="0">
  <testcase classname="com.ecom.qa.testcases.CompareProductsPageTest" name="validatePopUpMessageTest" time="16.163"/>
</testsuite> <!-- com.ecom.qa.testcases.CompareProductsPageTest -->
