<?xml version="1.0" encoding="UTF-8"?>
<!-- Generated by org.testng.reporters.JUnitReportReporter -->
<testsuite hostname="WKWIN5154091" failures="0" tests="1" name="com.ecom.qa.testcases.WishlistPageTest" time="19.513" errors="0" timestamp="15 Aug 2019 17:48:49 GMT" skipped="0">
  <testcase classname="com.ecom.qa.testcases.WishlistPageTest" name="wishlistSharedTest" time="19.513"/>
</testsuite> <!-- com.ecom.qa.testcases.WishlistPageTest -->
